[2024-04-12 17:14:40,630: INFO: common: yaml file: config\config.yaml loaded successfully]
[2024-04-12 17:14:40,680: INFO: common: yaml file: params.yaml loaded successfully]
[2024-04-12 17:14:40,681: INFO: common: created directory at: artifacts]
[2024-04-12 17:14:40,682: INFO: common: created directory at: artifacts/data_ingestion]
[2024-04-12 17:14:42,687: INFO: 1434958058: artifacts/data_ingestion/data.zip download! with following info: 
Connection: close
Content-Length: 7903594
Cache-Control: max-age=300
Content-Security-Policy: default-src 'none'; style-src 'unsafe-inline'; sandbox
Content-Type: application/zip
ETag: "dbc016a060da18070593b83afff580c9b300f0b6ea4147a7988433e04df246ca"
Strict-Transport-Security: max-age=31536000
X-Content-Type-Options: nosniff
X-Frame-Options: deny
X-XSS-Protection: 1; mode=block
X-GitHub-Request-Id: 15EC:17A961:62DA02:79A954:6618FB7E
Accept-Ranges: bytes
Date: Fri, 12 Apr 2024 09:14:39 GMT
Via: 1.1 varnish
X-Served-By: cache-qpg1258-QPG
X-Cache: MISS
X-Cache-Hits: 0
X-Timer: S1712913279.984397,VS0,VE775
Vary: Authorization,Accept-Encoding,Origin
Access-Control-Allow-Origin: *
Cross-Origin-Resource-Policy: cross-origin
X-Fastly-Request-ID: cc7461ada5094319b76d304e3917bc03cb508dd1
Expires: Fri, 12 Apr 2024 09:19:39 GMT
Source-Age: 0

]
[2024-04-12 17:39:55,137: INFO: common: yaml file: config\config.yaml loaded successfully]
[2024-04-12 17:39:55,139: INFO: common: yaml file: params.yaml loaded successfully]
[2024-04-12 17:39:55,139: INFO: common: created directory at: artifacts]
[2024-04-12 17:39:55,140: INFO: common: created directory at: artifacts/data_validation]
[2024-04-12 17:40:03,358: INFO: common: yaml file: config\config.yaml loaded successfully]
[2024-04-12 17:40:03,359: INFO: common: yaml file: params.yaml loaded successfully]
[2024-04-12 17:40:03,360: INFO: common: created directory at: artifacts]
[2024-04-12 17:40:03,361: INFO: common: created directory at: artifacts/data_ingestion]
[2024-04-12 17:40:04,515: INFO: 1434958058: artifacts/data_ingestion/data.zip download! with following info: 
Connection: close
Content-Length: 7903594
Cache-Control: max-age=300
Content-Security-Policy: default-src 'none'; style-src 'unsafe-inline'; sandbox
Content-Type: application/zip
ETag: "dbc016a060da18070593b83afff580c9b300f0b6ea4147a7988433e04df246ca"
Strict-Transport-Security: max-age=31536000
X-Content-Type-Options: nosniff
X-Frame-Options: deny
X-XSS-Protection: 1; mode=block
X-GitHub-Request-Id: 15EC:17A961:62DA02:79A954:6618FB7E
Accept-Ranges: bytes
Date: Fri, 12 Apr 2024 09:40:02 GMT
Via: 1.1 varnish
X-Served-By: cache-qpg120088-QPG
X-Cache: HIT
X-Cache-Hits: 0
X-Timer: S1712914802.727805,VS0,VE315
Vary: Authorization,Accept-Encoding,Origin
Access-Control-Allow-Origin: *
Cross-Origin-Resource-Policy: cross-origin
X-Fastly-Request-ID: bcb79ced7899d630161715c58e6f53baefd4c7e5
Expires: Fri, 12 Apr 2024 09:45:02 GMT
Source-Age: 0

]
[2024-04-12 17:40:29,050: INFO: common: yaml file: config\config.yaml loaded successfully]
[2024-04-12 17:40:29,051: INFO: common: yaml file: params.yaml loaded successfully]
[2024-04-12 17:40:29,052: INFO: common: created directory at: artifacts]
[2024-04-12 17:40:29,052: INFO: common: created directory at: artifacts/data_validation]
[2024-04-12 18:51:35,257: INFO: config: PyTorch version 2.2.2+cu118 available.]
[2024-04-12 18:51:35,642: INFO: common: yaml file: config\config.yaml loaded successfully]
[2024-04-12 18:51:35,644: INFO: common: yaml file: params.yaml loaded successfully]
[2024-04-12 18:51:35,645: INFO: common: created directory at: artifacts]
[2024-04-12 18:51:35,646: INFO: common: created directory at: artifacts/data_transformation]
[2024-04-13 07:52:33,816: INFO: config: PyTorch version 2.2.2+cu118 available.]
[2024-04-13 07:52:40,848: INFO: main: >>>>>> stage Data Ingestion stage started <<<<<<]
[2024-04-13 07:52:40,852: INFO: common: yaml file: config\config.yaml loaded successfully]
[2024-04-13 07:52:40,853: INFO: common: yaml file: params.yaml loaded successfully]
[2024-04-13 07:52:40,853: INFO: common: created directory at: artifacts]
[2024-04-13 07:52:40,854: INFO: common: created directory at: artifacts/data_ingestion]
[2024-04-13 07:52:42,213: INFO: data_ingestion: artifacts/data_ingestion/data.zip download! with following info: 
Connection: close
Content-Length: 7903594
Cache-Control: max-age=300
Content-Security-Policy: default-src 'none'; style-src 'unsafe-inline'; sandbox
Content-Type: application/zip
ETag: "dbc016a060da18070593b83afff580c9b300f0b6ea4147a7988433e04df246ca"
Strict-Transport-Security: max-age=31536000
X-Content-Type-Options: nosniff
X-Frame-Options: deny
X-XSS-Protection: 1; mode=block
X-GitHub-Request-Id: 1242:32AA09:2FDA25:3B49DA:6619C945
Accept-Ranges: bytes
Date: Fri, 12 Apr 2024 23:52:39 GMT
Via: 1.1 varnish
X-Served-By: cache-qpg120113-QPG
X-Cache: MISS
X-Cache-Hits: 0
X-Timer: S1712965959.516131,VS0,VE569
Vary: Authorization,Accept-Encoding,Origin
Access-Control-Allow-Origin: *
Cross-Origin-Resource-Policy: cross-origin
X-Fastly-Request-ID: 56ce9b3d525b8d989812acf77682b77e369781af
Expires: Fri, 12 Apr 2024 23:57:39 GMT
Source-Age: 0

]
[2024-04-13 07:52:42,294: INFO: main: >>>>>> stage Data Ingestion stage completed <<<<<<

x==========x]
[2024-04-13 07:52:42,294: INFO: main: >>>>>> stage Data Validation stage started <<<<<<]
[2024-04-13 07:52:42,295: INFO: common: yaml file: config\config.yaml loaded successfully]
[2024-04-13 07:52:42,296: INFO: common: yaml file: params.yaml loaded successfully]
[2024-04-13 07:52:42,297: INFO: common: created directory at: artifacts]
[2024-04-13 07:52:42,297: INFO: common: created directory at: artifacts/data_validation]
[2024-04-13 07:52:42,298: INFO: main: >>>>>> stage Data Validation stage completed <<<<<<

x==========x]
[2024-04-13 07:52:42,298: INFO: main: >>>>>> stage Data Transformation stage started <<<<<<]
[2024-04-13 07:52:42,299: INFO: common: yaml file: config\config.yaml loaded successfully]
[2024-04-13 07:52:42,300: INFO: common: yaml file: params.yaml loaded successfully]
[2024-04-13 07:52:42,300: INFO: common: created directory at: artifacts]
[2024-04-13 07:52:42,301: INFO: common: created directory at: artifacts/data_transformation]
[2024-04-13 07:52:44,881: INFO: main: >>>>>> stage Data Transformation stage completed <<<<<<

x==========x]
[2024-04-13 07:52:44,881: INFO: main: *******************]
[2024-04-13 07:52:44,881: INFO: main: >>>>>> stage Model Trainer stage started <<<<<<]
[2024-04-13 07:52:44,883: INFO: common: yaml file: config\config.yaml loaded successfully]
[2024-04-13 07:52:44,884: INFO: common: yaml file: params.yaml loaded successfully]
[2024-04-13 07:52:44,884: INFO: common: created directory at: artifacts]
[2024-04-13 07:52:44,884: INFO: common: created directory at: artifacts/model_trainer]
[2024-04-13 07:53:39,669: INFO: config: PyTorch version 2.2.2+cu118 available.]
[2024-04-13 07:53:40,527: INFO: main: >>>>>> stage Data Ingestion stage started <<<<<<]
[2024-04-13 07:53:40,528: INFO: common: yaml file: config\config.yaml loaded successfully]
[2024-04-13 07:53:40,529: INFO: common: yaml file: params.yaml loaded successfully]
[2024-04-13 07:53:40,530: INFO: common: created directory at: artifacts]
[2024-04-13 07:53:40,530: INFO: common: created directory at: artifacts/data_ingestion]
[2024-04-13 07:53:40,530: INFO: data_ingestion: File already exists of size: ~ 7718 KB]
[2024-04-13 07:53:40,606: INFO: main: >>>>>> stage Data Ingestion stage completed <<<<<<

x==========x]
[2024-04-13 07:53:40,607: INFO: main: >>>>>> stage Data Validation stage started <<<<<<]
[2024-04-13 07:53:40,608: INFO: common: yaml file: config\config.yaml loaded successfully]
[2024-04-13 07:53:40,609: INFO: common: yaml file: params.yaml loaded successfully]
[2024-04-13 07:53:40,609: INFO: common: created directory at: artifacts]
[2024-04-13 07:53:40,609: INFO: common: created directory at: artifacts/data_validation]
[2024-04-13 07:53:40,610: INFO: main: >>>>>> stage Data Validation stage completed <<<<<<

x==========x]
[2024-04-13 07:53:40,611: INFO: main: >>>>>> stage Data Transformation stage started <<<<<<]
[2024-04-13 07:53:40,612: INFO: common: yaml file: config\config.yaml loaded successfully]
[2024-04-13 07:53:40,613: INFO: common: yaml file: params.yaml loaded successfully]
[2024-04-13 07:53:40,613: INFO: common: created directory at: artifacts]
[2024-04-13 07:53:40,613: INFO: common: created directory at: artifacts/data_transformation]
[2024-04-13 07:53:41,624: INFO: main: >>>>>> stage Data Transformation stage completed <<<<<<

x==========x]
[2024-04-13 07:53:41,624: INFO: main: *******************]
[2024-04-13 07:53:41,625: INFO: main: >>>>>> stage Model Trainer stage started <<<<<<]
[2024-04-13 07:53:41,626: INFO: common: yaml file: config\config.yaml loaded successfully]
[2024-04-13 07:53:41,627: INFO: common: yaml file: params.yaml loaded successfully]
[2024-04-13 07:53:41,627: INFO: common: created directory at: artifacts]
[2024-04-13 07:53:41,627: INFO: common: created directory at: artifacts/model_trainer]
[2024-04-13 07:54:52,683: INFO: main: >>>>>> stage Model Trainer stage completed <<<<<<

x==========x]
[2024-04-13 07:54:52,684: INFO: main: *******************]
[2024-04-13 07:54:52,684: INFO: main: >>>>>> stage Model Evaluation stage started <<<<<<]
[2024-04-13 07:54:52,685: INFO: common: yaml file: config\config.yaml loaded successfully]
[2024-04-13 07:54:52,686: INFO: common: yaml file: params.yaml loaded successfully]
[2024-04-13 07:54:52,686: INFO: common: created directory at: artifacts]
[2024-04-13 07:54:52,686: INFO: common: created directory at: artifacts/model_evaluation]
[2024-04-13 07:55:09,485: INFO: rouge_scorer: Using default tokenizer.]
[2024-04-13 07:55:09,759: INFO: main: >>>>>> stage Model Evaluation stage completed <<<<<<

x==========x]
[2024-04-13 08:11:28,252: INFO: server: Started server process [27280]]
[2024-04-13 08:11:28,253: INFO: on: Waiting for application startup.]
[2024-04-13 08:11:28,253: INFO: on: Application startup complete.]
[2024-04-13 08:11:28,253: INFO: server: Uvicorn running on http://0.0.0.0:8080 (Press CTRL+C to quit)]
[2024-04-13 08:12:53,571: INFO: common: yaml file: config\config.yaml loaded successfully]
[2024-04-13 08:12:53,576: INFO: common: yaml file: params.yaml loaded successfully]
[2024-04-13 08:12:53,577: INFO: common: created directory at: artifacts]
[2024-04-13 08:12:53,578: INFO: common: created directory at: artifacts/model_evaluation]
[2024-04-13 08:16:28,015: INFO: server: Shutting down]
[2024-04-13 08:16:28,114: INFO: server: Finished server process [27280]]
[2024-04-13 08:16:28,135: ERROR: on: Traceback (most recent call last):
  File "D:\SGH\text-summariser\env\lib\site-packages\starlette\routing.py", line 638, in lifespan
    await receive()
  File "D:\SGH\text-summariser\env\lib\site-packages\uvicorn\lifespan\on.py", line 137, in receive
    return await self.receive_queue.get()
  File "C:\Users\sufya\AppData\Local\Programs\Python\Python310\lib\asyncio\queues.py", line 159, in get
    await getter
asyncio.exceptions.CancelledError
]
